<?xml version="1.0" encoding="UTF-8"?>
<!-- Generated by org.testng.reporters.JUnitReportReporter -->
<testsuite hostname="Mukeshs-MacBook-Air.local" name="runner.RunCucumberTest" tests="2" failures="0" timestamp="7 Jan 2021 19:52:11 GMT" time="0.390" errors="0">
  <testcase name="runScenario" time="0.007" classname="runner.RunCucumberTest"/>
  <testcase name="runScenario" time="0.383" classname="runner.RunCucumberTest"/>
</testsuite> <!-- runner.RunCucumberTest -->
